===== JOB INFO =====
JobID:   707078
Node:    chimera21
Tasks:   4
GPUs:    
Account: cs_funda.durupinarbabur
====================

===== NVIDIA-SMI =====
Fri Jan 23 19:00:41 2026       
+-----------------------------------------------------------------------------------------+
| NVIDIA-SMI 580.95.05              Driver Version: 580.95.05      CUDA Version: 13.0     |
+-----------------------------------------+------------------------+----------------------+
| GPU  Name                 Persistence-M | Bus-Id          Disp.A | Volatile Uncorr. ECC |
| Fan  Temp   Perf          Pwr:Usage/Cap |           Memory-Usage | GPU-Util  Compute M. |
|                                         |                        |               MIG M. |
|=========================================+========================+======================|
|   0  NVIDIA H200                    On  |   00000000:61:00.0 Off |                    0 |
| N/A   34C    P0             78W /  700W |       0MiB / 143771MiB |      0%      Default |
|                                         |                        |             Disabled |
+-----------------------------------------+------------------------+----------------------+

+-----------------------------------------------------------------------------------------+
| Processes:                                                                              |
|  GPU   GI   CI              PID   Type   Process name                        GPU Memory |
|        ID   ID                                                               Usage      |
|=========================================================================================|
|  No running processes found                                                             |
+-----------------------------------------------------------------------------------------+
======================
Current directory: /var/spool/slurm/d
Running training from: /var/spool/slurm/d
✅ GPU detected: NVIDIA H200
✓ Loaded curve configuration from: config/curve_config.json

============================================================
FULL CONFIGURATION LOADED FROM: config/curve_config.json
============================================================
{
  "image": {
    "height": 128,
    "width": 128
  },
  "bezier": {
    "n_samples": 1000,
    "margin": 20,
    "min_distance": 45.0,
    "control_point_spread": 0.4,
    "control_point_factor": 0.6
  },
  "tissue_noise": {
    "sigma_range": [
      2.0,
      5.0
    ],
    "intensity_range": [
      0.15,
      0.35
    ]
  },
  "training_stages": [
    {
      "stage_id": 1,
      "name": "Stage1_VESCL_Foundations",
      "episodes": 6000,
      "learning_rate": 0.0001,
      "curve_generation": {
        "width_range": [
          3,
          5
        ],
        "curvature_range": [
          0.0,
          0.3
        ],
        "min_intensity": 0.8,
        "max_intensity": 1.0,
        "background_intensity": 0.0,
        "noise_prob": 0.0,
        "invert_prob": 0.0,
        "branches": false,
        "allow_self_cross": false
      },
      "training": {
        "strict_stop": false,
        "mixed_start": false
      }
    },
    {
      "stage_id": 2,
      "name": "Stage2_Gradients_and_Inversion",
      "episodes": 10000,
      "learning_rate": 0.0001,
      "curve_generation": {
        "width_range": [
          2,
          6
        ],
        "curvature_range": [
          0.3,
          0.8
        ],
        "min_intensity": 0.4,
        "max_intensity": 0.9,
        "width_variation": "wide_to_narrow",
        "intensity_variation": "bright_to_dim",
        "noise_prob": 0.3,
        "noise_range": [
          0.0,
          0.1
        ],
        "invert_prob": 0.5,
        "branches": false,
        "allow_self_cross": false
      },
      "training": {
        "strict_stop": false,
        "mixed_start": true
      }
    },
    {
      "stage_id": 3,
      "name": "Stage3_Complex_Topology",
      "episodes": 15000,
      "learning_rate": 5e-05,
      "curve_generation": {
        "width_range": [
          1,
          4
        ],
        "curvature_range": [
          0.8,
          1.4
        ],
        "min_intensity": 0.3,
        "max_intensity": 0.7,
        "background_intensity_range": [
          0.0,
          0.2
        ],
        "allow_self_cross": true,
        "self_cross_prob": 0.6,
        "noise_prob": 0.7,
        "noise_range": [
          0.1,
          0.25
        ],
        "invert_prob": 0.5
      },
      "training": {
        "strict_stop": true,
        "tissue": true,
        "mixed_start": true
      }
    },
    {
      "stage_id": 4,
      "name": "Stage4_VESCL_Mastery_Thin_Vessels",
      "episodes": 30000,
      "learning_rate": 2e-05,
      "curve_generation": {
        "width_range": [
          1,
          2
        ],
        "curvature_range": [
          0.0,
          1.6
        ],
        "min_intensity": 0.25,
        "max_intensity": 0.8,
        "background_intensity_range": [
          0.1,
          0.4
        ],
        "intensity_variation": "custom",
        "noise_prob": 1.0,
        "noise_range": [
          0.15,
          0.35
        ],
        "invert_prob": 0.5,
        "allow_self_cross": true,
        "self_cross_prob": 0.4
      },
      "training": {
        "strict_stop": true,
        "tissue": true,
        "mixed_start": true
      }
    }
  ]
}
============================================================

Loading checkpoint: runs/20260123_023159/weights/model_Stage2_Gradients_and_Inversion_FINAL.pth
=== Starting Training with 4 Stages ===

⚡ STARTING Stage1_VESCL_Foundations (Eps: 6000, LR: 0.0001)
[Stage1_VESCL_Foundations] Ep 100 | AvgRew: 732.21 
[Stage1_VESCL_Foundations] Ep 200 | AvgRew: 825.35 
[Stage1_VESCL_Foundations] Ep 300 | AvgRew: 820.78 
[Stage1_VESCL_Foundations] Ep 400 | AvgRew: 857.25 
[Stage1_VESCL_Foundations] Ep 500 | AvgRew: 849.13 
[Stage1_VESCL_Foundations] Ep 600 | AvgRew: 822.81 
[Stage1_VESCL_Foundations] Ep 700 | AvgRew: 872.02 
[Stage1_VESCL_Foundations] Ep 800 | AvgRew: 826.19 
[Stage1_VESCL_Foundations] Ep 900 | AvgRew: 811.93 
[Stage1_VESCL_Foundations] Ep 1000 | AvgRew: 826.54 
[Stage1_VESCL_Foundations] Ep 1100 | AvgRew: 736.56 
[Stage1_VESCL_Foundations] Ep 1200 | AvgRew: 876.28 
[Stage1_VESCL_Foundations] Ep 1300 | AvgRew: 886.03 
[Stage1_VESCL_Foundations] Ep 1400 | AvgRew: 852.65 
[Stage1_VESCL_Foundations] Ep 1500 | AvgRew: 847.19 
[Stage1_VESCL_Foundations] Ep 1600 | AvgRew: 843.04 
[Stage1_VESCL_Foundations] Ep 1700 | AvgRew: 851.46 
[Stage1_VESCL_Foundations] Ep 1800 | AvgRew: 879.97 
[Stage1_VESCL_Foundations] Ep 1900 | AvgRew: 820.68 
[Stage1_VESCL_Foundations] Ep 2000 | AvgRew: 795.36 
[Stage1_VESCL_Foundations] Ep 2100 | AvgRew: 851.65 
[Stage1_VESCL_Foundations] Ep 2200 | AvgRew: 793.12 
[Stage1_VESCL_Foundations] Ep 2300 | AvgRew: 869.38 
[Stage1_VESCL_Foundations] Ep 2400 | AvgRew: 859.55 
[Stage1_VESCL_Foundations] Ep 2500 | AvgRew: 846.58 
[Stage1_VESCL_Foundations] Ep 2600 | AvgRew: 831.27 
[Stage1_VESCL_Foundations] Ep 2700 | AvgRew: 853.05 
[Stage1_VESCL_Foundations] Ep 2800 | AvgRew: 873.61 
[Stage1_VESCL_Foundations] Ep 2900 | AvgRew: 855.94 
[Stage1_VESCL_Foundations] Ep 3000 | AvgRew: 833.40 
[Stage1_VESCL_Foundations] Ep 3100 | AvgRew: 871.56 
[Stage1_VESCL_Foundations] Ep 3200 | AvgRew: 872.95 
[Stage1_VESCL_Foundations] Ep 3300 | AvgRew: 865.59 
[Stage1_VESCL_Foundations] Ep 3400 | AvgRew: 824.12 
[Stage1_VESCL_Foundations] Ep 3500 | AvgRew: 893.82 
[Stage1_VESCL_Foundations] Ep 3600 | AvgRew: 867.61 
[Stage1_VESCL_Foundations] Ep 3700 | AvgRew: 873.25 
[Stage1_VESCL_Foundations] Ep 3800 | AvgRew: 873.82 
[Stage1_VESCL_Foundations] Ep 3900 | AvgRew: 845.48 
[Stage1_VESCL_Foundations] Ep 4000 | AvgRew: 931.12 
[Stage1_VESCL_Foundations] Ep 4100 | AvgRew: 895.14 
[Stage1_VESCL_Foundations] Ep 4200 | AvgRew: 961.70 
[Stage1_VESCL_Foundations] Ep 4300 | AvgRew: 978.23 
[Stage1_VESCL_Foundations] Ep 4400 | AvgRew: 973.49 
[Stage1_VESCL_Foundations] Ep 4500 | AvgRew: 987.00 
[Stage1_VESCL_Foundations] Ep 4600 | AvgRew: 975.04 
[Stage1_VESCL_Foundations] Ep 4700 | AvgRew: 988.52 
[Stage1_VESCL_Foundations] Ep 4800 | AvgRew: 929.81 
[Stage1_VESCL_Foundations] Ep 4900 | AvgRew: 952.78 
[Stage1_VESCL_Foundations] Ep 5000 | AvgRew: 964.15 
[Stage1_VESCL_Foundations] Ep 5100 | AvgRew: 979.85 
[Stage1_VESCL_Foundations] Ep 5200 | AvgRew: 938.54 
[Stage1_VESCL_Foundations] Ep 5300 | AvgRew: 963.88 
[Stage1_VESCL_Foundations] Ep 5400 | AvgRew: 962.54 
[Stage1_VESCL_Foundations] Ep 5500 | AvgRew: 949.98 
[Stage1_VESCL_Foundations] Ep 5600 | AvgRew: 963.02 
[Stage1_VESCL_Foundations] Ep 5700 | AvgRew: 943.27 
[Stage1_VESCL_Foundations] Ep 5800 | AvgRew: 949.04 
[Stage1_VESCL_Foundations] Ep 5900 | AvgRew: 970.10 
[Stage1_VESCL_Foundations] Ep 6000 | AvgRew: 956.68 

⚡ STARTING Stage2_Gradients_and_Inversion (Eps: 10000, LR: 0.0001)
[Stage2_Gradients_and_Inversion] Ep 100 | AvgRew: 723.13 
[Stage2_Gradients_and_Inversion] Ep 200 | AvgRew: 679.88 
[Stage2_Gradients_and_Inversion] Ep 300 | AvgRew: 875.26 
[Stage2_Gradients_and_Inversion] Ep 400 | AvgRew: 943.36 (PrevStage)
[Stage2_Gradients_and_Inversion] Ep 500 | AvgRew: 835.67 
[Stage2_Gradients_and_Inversion] Ep 600 | AvgRew: 882.39 
[Stage2_Gradients_and_Inversion] Ep 700 | AvgRew: 903.87 
[Stage2_Gradients_and_Inversion] Ep 800 | AvgRew: 954.53 (PrevStage)
[Stage2_Gradients_and_Inversion] Ep 900 | AvgRew: 959.04 
[Stage2_Gradients_and_Inversion] Ep 1000 | AvgRew: 894.46 (PrevStage)
[Stage2_Gradients_and_Inversion] Ep 1100 | AvgRew: 915.78 (PrevStage)
[Stage2_Gradients_and_Inversion] Ep 1200 | AvgRew: 930.56 
[Stage2_Gradients_and_Inversion] Ep 1300 | AvgRew: 908.71 
[Stage2_Gradients_and_Inversion] Ep 1400 | AvgRew: 945.90 
[Stage2_Gradients_and_Inversion] Ep 1500 | AvgRew: 944.11 
[Stage2_Gradients_and_Inversion] Ep 1600 | AvgRew: 951.71 (PrevStage)
[Stage2_Gradients_and_Inversion] Ep 1700 | AvgRew: 939.75 
[Stage2_Gradients_and_Inversion] Ep 1800 | AvgRew: 957.14 
[Stage2_Gradients_and_Inversion] Ep 1900 | AvgRew: 973.56 (PrevStage)
[Stage2_Gradients_and_Inversion] Ep 2000 | AvgRew: 944.11 
[Stage2_Gradients_and_Inversion] Ep 2100 | AvgRew: 958.17 
[Stage2_Gradients_and_Inversion] Ep 2200 | AvgRew: 960.96 
[Stage2_Gradients_and_Inversion] Ep 2300 | AvgRew: 907.82 
[Stage2_Gradients_and_Inversion] Ep 2400 | AvgRew: 942.82 
[Stage2_Gradients_and_Inversion] Ep 2500 | AvgRew: 967.66 
[Stage2_Gradients_and_Inversion] Ep 2600 | AvgRew: 930.68 (PrevStage)
[Stage2_Gradients_and_Inversion] Ep 2700 | AvgRew: 881.39 
[Stage2_Gradients_and_Inversion] Ep 2800 | AvgRew: 897.36 
[Stage2_Gradients_and_Inversion] Ep 2900 | AvgRew: 967.91 
[Stage2_Gradients_and_Inversion] Ep 3000 | AvgRew: 919.03 
[Stage2_Gradients_and_Inversion] Ep 3100 | AvgRew: 882.30 (PrevStage)
[Stage2_Gradients_and_Inversion] Ep 3200 | AvgRew: 927.01 
[Stage2_Gradients_and_Inversion] Ep 3300 | AvgRew: 917.24 
[Stage2_Gradients_and_Inversion] Ep 3400 | AvgRew: 923.82 
[Stage2_Gradients_and_Inversion] Ep 3500 | AvgRew: 898.50 
[Stage2_Gradients_and_Inversion] Ep 3600 | AvgRew: 923.22 
[Stage2_Gradients_and_Inversion] Ep 3700 | AvgRew: 874.71 (PrevStage)
[Stage2_Gradients_and_Inversion] Ep 3800 | AvgRew: 912.07 
[Stage2_Gradients_and_Inversion] Ep 3900 | AvgRew: 845.62 (PrevStage)
[Stage2_Gradients_and_Inversion] Ep 4000 | AvgRew: 791.80 
[Stage2_Gradients_and_Inversion] Ep 4100 | AvgRew: 863.43 
[Stage2_Gradients_and_Inversion] Ep 4200 | AvgRew: 952.85 
[Stage2_Gradients_and_Inversion] Ep 4300 | AvgRew: 906.42 
[Stage2_Gradients_and_Inversion] Ep 4400 | AvgRew: 882.53 
[Stage2_Gradients_and_Inversion] Ep 4500 | AvgRew: 939.53 
[Stage2_Gradients_and_Inversion] Ep 4600 | AvgRew: 977.53 (PrevStage)
[Stage2_Gradients_and_Inversion] Ep 4700 | AvgRew: 956.02 
[Stage2_Gradients_and_Inversion] Ep 4800 | AvgRew: 939.55 (PrevStage)
[Stage2_Gradients_and_Inversion] Ep 4900 | AvgRew: 944.73 
[Stage2_Gradients_and_Inversion] Ep 5000 | AvgRew: 951.06 
[Stage2_Gradients_and_Inversion] Ep 5100 | AvgRew: 975.41 
[Stage2_Gradients_and_Inversion] Ep 5200 | AvgRew: 940.54 (PrevStage)
[Stage2_Gradients_and_Inversion] Ep 5300 | AvgRew: 943.65 
[Stage2_Gradients_and_Inversion] Ep 5400 | AvgRew: 951.98 
[Stage2_Gradients_and_Inversion] Ep 5500 | AvgRew: 933.91 
[Stage2_Gradients_and_Inversion] Ep 5600 | AvgRew: 940.55 
[Stage2_Gradients_and_Inversion] Ep 5700 | AvgRew: 951.07 (PrevStage)
[Stage2_Gradients_and_Inversion] Ep 5800 | AvgRew: 956.61 
[Stage2_Gradients_and_Inversion] Ep 5900 | AvgRew: 975.18 
[Stage2_Gradients_and_Inversion] Ep 6000 | AvgRew: 967.29 
[Stage2_Gradients_and_Inversion] Ep 6100 | AvgRew: 947.71 
[Stage2_Gradients_and_Inversion] Ep 6200 | AvgRew: 959.59 
[Stage2_Gradients_and_Inversion] Ep 6300 | AvgRew: 953.96 
[Stage2_Gradients_and_Inversion] Ep 6400 | AvgRew: 921.98 
[Stage2_Gradients_and_Inversion] Ep 6500 | AvgRew: 907.18 
[Stage2_Gradients_and_Inversion] Ep 6600 | AvgRew: 946.41 
[Stage2_Gradients_and_Inversion] Ep 6700 | AvgRew: 958.86 (PrevStage)
[Stage2_Gradients_and_Inversion] Ep 6800 | AvgRew: 939.59 (PrevStage)
[Stage2_Gradients_and_Inversion] Ep 6900 | AvgRew: 923.95 (PrevStage)
[Stage2_Gradients_and_Inversion] Ep 7000 | AvgRew: 941.90 (PrevStage)
[Stage2_Gradients_and_Inversion] Ep 7100 | AvgRew: 976.84 
[Stage2_Gradients_and_Inversion] Ep 7200 | AvgRew: 968.50 
[Stage2_Gradients_and_Inversion] Ep 7300 | AvgRew: 939.35 
[Stage2_Gradients_and_Inversion] Ep 7400 | AvgRew: 984.28 
[Stage2_Gradients_and_Inversion] Ep 7500 | AvgRew: 967.44 
[Stage2_Gradients_and_Inversion] Ep 7600 | AvgRew: 980.71 
[Stage2_Gradients_and_Inversion] Ep 7700 | AvgRew: 933.31 
[Stage2_Gradients_and_Inversion] Ep 7800 | AvgRew: 950.66 (PrevStage)
[Stage2_Gradients_and_Inversion] Ep 7900 | AvgRew: 971.99 
[Stage2_Gradients_and_Inversion] Ep 8000 | AvgRew: 921.49 
[Stage2_Gradients_and_Inversion] Ep 8100 | AvgRew: 925.28 
[Stage2_Gradients_and_Inversion] Ep 8200 | AvgRew: 967.37 
[Stage2_Gradients_and_Inversion] Ep 8300 | AvgRew: 924.96 
[Stage2_Gradients_and_Inversion] Ep 8400 | AvgRew: 948.61 
[Stage2_Gradients_and_Inversion] Ep 8500 | AvgRew: 973.23 
[Stage2_Gradients_and_Inversion] Ep 8600 | AvgRew: 900.80 (PrevStage)
[Stage2_Gradients_and_Inversion] Ep 8700 | AvgRew: 955.14 
[Stage2_Gradients_and_Inversion] Ep 8800 | AvgRew: 913.46 
[Stage2_Gradients_and_Inversion] Ep 8900 | AvgRew: 955.92 
[Stage2_Gradients_and_Inversion] Ep 9000 | AvgRew: 947.14 
[Stage2_Gradients_and_Inversion] Ep 9100 | AvgRew: 889.43 
[Stage2_Gradients_and_Inversion] Ep 9200 | AvgRew: 885.48 
[Stage2_Gradients_and_Inversion] Ep 9300 | AvgRew: 927.76 (PrevStage)
[Stage2_Gradients_and_Inversion] Ep 9400 | AvgRew: 972.36 
[Stage2_Gradients_and_Inversion] Ep 9500 | AvgRew: 936.37 
[Stage2_Gradients_and_Inversion] Ep 9600 | AvgRew: 983.27 
[Stage2_Gradients_and_Inversion] Ep 9700 | AvgRew: 950.93 
[Stage2_Gradients_and_Inversion] Ep 9800 | AvgRew: 966.62 
[Stage2_Gradients_and_Inversion] Ep 9900 | AvgRew: 958.85 
[Stage2_Gradients_and_Inversion] Ep 10000 | AvgRew: 928.71 

⚡ STARTING Stage3_Complex_Topology (Eps: 15000, LR: 5e-05)
[Stage3_Complex_Topology] Ep 100 | AvgRew: 638.38 (PrevStage)
[Stage3_Complex_Topology] Ep 200 | AvgRew: 657.70 
[Stage3_Complex_Topology] Ep 300 | AvgRew: 655.70 
[Stage3_Complex_Topology] Ep 400 | AvgRew: 840.74 (PrevStage)
[Stage3_Complex_Topology] Ep 500 | AvgRew: 811.90 (PrevStage)
[Stage3_Complex_Topology] Ep 600 | AvgRew: 872.94 
[Stage3_Complex_Topology] Ep 700 | AvgRew: 801.77 
[Stage3_Complex_Topology] Ep 800 | AvgRew: 801.95 
[Stage3_Complex_Topology] Ep 900 | AvgRew: 807.83 
[Stage3_Complex_Topology] Ep 1000 | AvgRew: 846.11 
[Stage3_Complex_Topology] Ep 1100 | AvgRew: 834.32 
[Stage3_Complex_Topology] Ep 1200 | AvgRew: 911.30 
[Stage3_Complex_Topology] Ep 1300 | AvgRew: 919.46 
[Stage3_Complex_Topology] Ep 1400 | AvgRew: 862.56 
[Stage3_Complex_Topology] Ep 1500 | AvgRew: 931.82 
[Stage3_Complex_Topology] Ep 1600 | AvgRew: 849.15 
[Stage3_Complex_Topology] Ep 1700 | AvgRew: 898.23 
[Stage3_Complex_Topology] Ep 1800 | AvgRew: 921.17 (PrevStage)
[Stage3_Complex_Topology] Ep 1900 | AvgRew: 880.89 
[Stage3_Complex_Topology] Ep 2000 | AvgRew: 873.63 
[Stage3_Complex_Topology] Ep 2100 | AvgRew: 921.36 
[Stage3_Complex_Topology] Ep 2200 | AvgRew: 915.95 
[Stage3_Complex_Topology] Ep 2300 | AvgRew: 871.97 
[Stage3_Complex_Topology] Ep 2400 | AvgRew: 932.79 
[Stage3_Complex_Topology] Ep 2500 | AvgRew: 893.95 
[Stage3_Complex_Topology] Ep 2600 | AvgRew: 946.40 (PrevStage)
[Stage3_Complex_Topology] Ep 2700 | AvgRew: 904.19 
[Stage3_Complex_Topology] Ep 2800 | AvgRew: 938.65 (PrevStage)
[Stage3_Complex_Topology] Ep 2900 | AvgRew: 957.00 
[Stage3_Complex_Topology] Ep 3000 | AvgRew: 917.08 
[Stage3_Complex_Topology] Ep 3100 | AvgRew: 981.18 
[Stage3_Complex_Topology] Ep 3200 | AvgRew: 932.17 
[Stage3_Complex_Topology] Ep 3300 | AvgRew: 867.99 
[Stage3_Complex_Topology] Ep 3400 | AvgRew: 907.28 
[Stage3_Complex_Topology] Ep 3500 | AvgRew: 924.13 
[Stage3_Complex_Topology] Ep 3600 | AvgRew: 853.92 
[Stage3_Complex_Topology] Ep 3700 | AvgRew: 868.60 
[Stage3_Complex_Topology] Ep 3800 | AvgRew: 770.47 (PrevStage)
[Stage3_Complex_Topology] Ep 3900 | AvgRew: 834.07 
[Stage3_Complex_Topology] Ep 4000 | AvgRew: 862.91 
[Stage3_Complex_Topology] Ep 4100 | AvgRew: 862.83 
[Stage3_Complex_Topology] Ep 4200 | AvgRew: 894.89 
[Stage3_Complex_Topology] Ep 4300 | AvgRew: 878.55 
[Stage3_Complex_Topology] Ep 4400 | AvgRew: 899.86 
[Stage3_Complex_Topology] Ep 4500 | AvgRew: 881.66 
[Stage3_Complex_Topology] Ep 4600 | AvgRew: 920.45 
[Stage3_Complex_Topology] Ep 4700 | AvgRew: 928.15 (PrevStage)
[Stage3_Complex_Topology] Ep 4800 | AvgRew: 961.91 
[Stage3_Complex_Topology] Ep 4900 | AvgRew: 935.23 (PrevStage)
[Stage3_Complex_Topology] Ep 5000 | AvgRew: 912.97 
[Stage3_Complex_Topology] Ep 5100 | AvgRew: 935.10 
[Stage3_Complex_Topology] Ep 5200 | AvgRew: 880.25 
[Stage3_Complex_Topology] Ep 5300 | AvgRew: 921.60 (PrevStage)
[Stage3_Complex_Topology] Ep 5400 | AvgRew: 929.00 (PrevStage)
[Stage3_Complex_Topology] Ep 5500 | AvgRew: 958.19 (PrevStage)
[Stage3_Complex_Topology] Ep 5600 | AvgRew: 936.93 
[Stage3_Complex_Topology] Ep 5700 | AvgRew: 960.51 
[Stage3_Complex_Topology] Ep 5800 | AvgRew: 918.19 
[Stage3_Complex_Topology] Ep 5900 | AvgRew: 886.79 
[Stage3_Complex_Topology] Ep 6000 | AvgRew: 925.48 
[Stage3_Complex_Topology] Ep 6100 | AvgRew: 952.04 
[Stage3_Complex_Topology] Ep 6200 | AvgRew: 930.57 
[Stage3_Complex_Topology] Ep 6300 | AvgRew: 860.53 
[Stage3_Complex_Topology] Ep 6400 | AvgRew: 950.27 
[Stage3_Complex_Topology] Ep 6500 | AvgRew: 964.45 
[Stage3_Complex_Topology] Ep 6600 | AvgRew: 925.37 
[Stage3_Complex_Topology] Ep 6700 | AvgRew: 950.40 
[Stage3_Complex_Topology] Ep 6800 | AvgRew: 951.07 
[Stage3_Complex_Topology] Ep 6900 | AvgRew: 930.12 
[Stage3_Complex_Topology] Ep 7000 | AvgRew: 983.90 
[Stage3_Complex_Topology] Ep 7100 | AvgRew: 934.11 
[Stage3_Complex_Topology] Ep 7200 | AvgRew: 939.72 
[Stage3_Complex_Topology] Ep 7300 | AvgRew: 943.06 
[Stage3_Complex_Topology] Ep 7400 | AvgRew: 969.39 
[Stage3_Complex_Topology] Ep 7500 | AvgRew: 954.61 
[Stage3_Complex_Topology] Ep 7600 | AvgRew: 940.14 (PrevStage)
[Stage3_Complex_Topology] Ep 7700 | AvgRew: 951.63 
[Stage3_Complex_Topology] Ep 7800 | AvgRew: 935.54 
[Stage3_Complex_Topology] Ep 7900 | AvgRew: 945.58 
[Stage3_Complex_Topology] Ep 8000 | AvgRew: 945.84 
[Stage3_Complex_Topology] Ep 8100 | AvgRew: 984.81 
[Stage3_Complex_Topology] Ep 8200 | AvgRew: 949.31 (PrevStage)
[Stage3_Complex_Topology] Ep 8300 | AvgRew: 962.55 
[Stage3_Complex_Topology] Ep 8400 | AvgRew: 922.33 
[Stage3_Complex_Topology] Ep 8500 | AvgRew: 973.09 
[Stage3_Complex_Topology] Ep 8600 | AvgRew: 940.76 
[Stage3_Complex_Topology] Ep 8700 | AvgRew: 885.67 (PrevStage)
[Stage3_Complex_Topology] Ep 8800 | AvgRew: 959.74 
[Stage3_Complex_Topology] Ep 8900 | AvgRew: 941.72 
[Stage3_Complex_Topology] Ep 9000 | AvgRew: 929.92 
[Stage3_Complex_Topology] Ep 9100 | AvgRew: 964.75 
[Stage3_Complex_Topology] Ep 9200 | AvgRew: 939.54 
[Stage3_Complex_Topology] Ep 9300 | AvgRew: 948.36 
[Stage3_Complex_Topology] Ep 9400 | AvgRew: 971.57 
[Stage3_Complex_Topology] Ep 9500 | AvgRew: 950.21 
[Stage3_Complex_Topology] Ep 9600 | AvgRew: 951.62 (PrevStage)
[Stage3_Complex_Topology] Ep 9700 | AvgRew: 974.76 
[Stage3_Complex_Topology] Ep 9800 | AvgRew: 943.01 
[Stage3_Complex_Topology] Ep 9900 | AvgRew: 967.50 (PrevStage)
[Stage3_Complex_Topology] Ep 10000 | AvgRew: 958.54 
[Stage3_Complex_Topology] Ep 10100 | AvgRew: 978.98 
[Stage3_Complex_Topology] Ep 10200 | AvgRew: 919.63 (PrevStage)
[Stage3_Complex_Topology] Ep 10300 | AvgRew: 991.43 
[Stage3_Complex_Topology] Ep 10400 | AvgRew: 980.88 
[Stage3_Complex_Topology] Ep 10500 | AvgRew: 992.22 (PrevStage)
[Stage3_Complex_Topology] Ep 10600 | AvgRew: 979.76 (PrevStage)
[Stage3_Complex_Topology] Ep 10700 | AvgRew: 983.56 
[Stage3_Complex_Topology] Ep 10800 | AvgRew: 978.13 
[Stage3_Complex_Topology] Ep 10900 | AvgRew: 1016.33 
[Stage3_Complex_Topology] Ep 11000 | AvgRew: 1002.74 
[Stage3_Complex_Topology] Ep 11100 | AvgRew: 990.41 
[Stage3_Complex_Topology] Ep 11200 | AvgRew: 955.26 
[Stage3_Complex_Topology] Ep 11300 | AvgRew: 1019.85 
[Stage3_Complex_Topology] Ep 11400 | AvgRew: 995.63 
[Stage3_Complex_Topology] Ep 11500 | AvgRew: 989.68 
[Stage3_Complex_Topology] Ep 11600 | AvgRew: 927.06 
[Stage3_Complex_Topology] Ep 11700 | AvgRew: 1004.41 
[Stage3_Complex_Topology] Ep 11800 | AvgRew: 999.28 
[Stage3_Complex_Topology] Ep 11900 | AvgRew: 967.36 
[Stage3_Complex_Topology] Ep 12000 | AvgRew: 977.80 
[Stage3_Complex_Topology] Ep 12100 | AvgRew: 933.11 
[Stage3_Complex_Topology] Ep 12200 | AvgRew: 1003.64 
[Stage3_Complex_Topology] Ep 12300 | AvgRew: 998.85 
[Stage3_Complex_Topology] Ep 12400 | AvgRew: 990.97 
[Stage3_Complex_Topology] Ep 12500 | AvgRew: 986.95 
[Stage3_Complex_Topology] Ep 12600 | AvgRew: 961.82 
[Stage3_Complex_Topology] Ep 12700 | AvgRew: 913.28 
[Stage3_Complex_Topology] Ep 12800 | AvgRew: 989.47 
[Stage3_Complex_Topology] Ep 12900 | AvgRew: 987.17 
[Stage3_Complex_Topology] Ep 13000 | AvgRew: 969.00 
[Stage3_Complex_Topology] Ep 13100 | AvgRew: 977.08 
[Stage3_Complex_Topology] Ep 13200 | AvgRew: 976.48 
[Stage3_Complex_Topology] Ep 13300 | AvgRew: 956.03 (PrevStage)
[Stage3_Complex_Topology] Ep 13400 | AvgRew: 907.72 
[Stage3_Complex_Topology] Ep 13500 | AvgRew: 947.61 
[Stage3_Complex_Topology] Ep 13600 | AvgRew: 996.46 
[Stage3_Complex_Topology] Ep 13700 | AvgRew: 928.71 
[Stage3_Complex_Topology] Ep 13800 | AvgRew: 1000.86 
[Stage3_Complex_Topology] Ep 13900 | AvgRew: 1027.65 
[Stage3_Complex_Topology] Ep 14000 | AvgRew: 984.39 
[Stage3_Complex_Topology] Ep 14100 | AvgRew: 924.90 
[Stage3_Complex_Topology] Ep 14200 | AvgRew: 970.63 
[Stage3_Complex_Topology] Ep 14300 | AvgRew: 1001.41 
[Stage3_Complex_Topology] Ep 14400 | AvgRew: 969.37 
[Stage3_Complex_Topology] Ep 14500 | AvgRew: 956.46 
[Stage3_Complex_Topology] Ep 14600 | AvgRew: 929.89 
[Stage3_Complex_Topology] Ep 14700 | AvgRew: 899.31 
[Stage3_Complex_Topology] Ep 14800 | AvgRew: 987.24 
[Stage3_Complex_Topology] Ep 14900 | AvgRew: 974.04 (PrevStage)
[Stage3_Complex_Topology] Ep 15000 | AvgRew: 975.89 

⚡ STARTING Stage4_VESCL_Mastery_Thin_Vessels (Eps: 30000, LR: 2e-05)
[Stage4_VESCL_Mastery_Thin_Vessels] Ep 100 | AvgRew: 897.21 
[Stage4_VESCL_Mastery_Thin_Vessels] Ep 200 | AvgRew: 902.55 
[Stage4_VESCL_Mastery_Thin_Vessels] Ep 300 | AvgRew: 913.24 
[Stage4_VESCL_Mastery_Thin_Vessels] Ep 400 | AvgRew: 882.00 
[Stage4_VESCL_Mastery_Thin_Vessels] Ep 500 | AvgRew: 930.03 
[Stage4_VESCL_Mastery_Thin_Vessels] Ep 600 | AvgRew: 975.13 
[Stage4_VESCL_Mastery_Thin_Vessels] Ep 700 | AvgRew: 986.33 
[Stage4_VESCL_Mastery_Thin_Vessels] Ep 800 | AvgRew: 970.50 
[Stage4_VESCL_Mastery_Thin_Vessels] Ep 900 | AvgRew: 993.25 
[Stage4_VESCL_Mastery_Thin_Vessels] Ep 1000 | AvgRew: 920.18 (PrevStage)
[Stage4_VESCL_Mastery_Thin_Vessels] Ep 1100 | AvgRew: 986.73 
[Stage4_VESCL_Mastery_Thin_Vessels] Ep 1200 | AvgRew: 973.08 
[Stage4_VESCL_Mastery_Thin_Vessels] Ep 1300 | AvgRew: 944.67 
[Stage4_VESCL_Mastery_Thin_Vessels] Ep 1400 | AvgRew: 961.22 
[Stage4_VESCL_Mastery_Thin_Vessels] Ep 1500 | AvgRew: 940.46 (PrevStage)
[Stage4_VESCL_Mastery_Thin_Vessels] Ep 1600 | AvgRew: 898.55 
[Stage4_VESCL_Mastery_Thin_Vessels] Ep 1700 | AvgRew: 948.07 (PrevStage)
[Stage4_VESCL_Mastery_Thin_Vessels] Ep 1800 | AvgRew: 959.21 
[Stage4_VESCL_Mastery_Thin_Vessels] Ep 1900 | AvgRew: 955.43 
[Stage4_VESCL_Mastery_Thin_Vessels] Ep 2000 | AvgRew: 914.19 
[Stage4_VESCL_Mastery_Thin_Vessels] Ep 2100 | AvgRew: 920.42 
[Stage4_VESCL_Mastery_Thin_Vessels] Ep 2200 | AvgRew: 949.79 
[Stage4_VESCL_Mastery_Thin_Vessels] Ep 2300 | AvgRew: 973.15 (PrevStage)
[Stage4_VESCL_Mastery_Thin_Vessels] Ep 2400 | AvgRew: 980.99 
[Stage4_VESCL_Mastery_Thin_Vessels] Ep 2500 | AvgRew: 900.40 (PrevStage)
[Stage4_VESCL_Mastery_Thin_Vessels] Ep 2600 | AvgRew: 933.34 (PrevStage)
[Stage4_VESCL_Mastery_Thin_Vessels] Ep 2700 | AvgRew: 934.19 
[Stage4_VESCL_Mastery_Thin_Vessels] Ep 2800 | AvgRew: 907.64 
[Stage4_VESCL_Mastery_Thin_Vessels] Ep 2900 | AvgRew: 928.81 
[Stage4_VESCL_Mastery_Thin_Vessels] Ep 3000 | AvgRew: 965.41 
[Stage4_VESCL_Mastery_Thin_Vessels] Ep 3100 | AvgRew: 970.35 
[Stage4_VESCL_Mastery_Thin_Vessels] Ep 3200 | AvgRew: 891.87 
[Stage4_VESCL_Mastery_Thin_Vessels] Ep 3300 | AvgRew: 944.44 
[Stage4_VESCL_Mastery_Thin_Vessels] Ep 3400 | AvgRew: 1021.28 
[Stage4_VESCL_Mastery_Thin_Vessels] Ep 3500 | AvgRew: 949.01 
[Stage4_VESCL_Mastery_Thin_Vessels] Ep 3600 | AvgRew: 875.08 
[Stage4_VESCL_Mastery_Thin_Vessels] Ep 3700 | AvgRew: 978.06 
[Stage4_VESCL_Mastery_Thin_Vessels] Ep 3800 | AvgRew: 1008.23 (PrevStage)
[Stage4_VESCL_Mastery_Thin_Vessels] Ep 3900 | AvgRew: 960.03 
[Stage4_VESCL_Mastery_Thin_Vessels] Ep 4000 | AvgRew: 1003.04 
[Stage4_VESCL_Mastery_Thin_Vessels] Ep 4100 | AvgRew: 861.73 
[Stage4_VESCL_Mastery_Thin_Vessels] Ep 4200 | AvgRew: 919.00 
[Stage4_VESCL_Mastery_Thin_Vessels] Ep 4300 | AvgRew: 916.69 (PrevStage)
[Stage4_VESCL_Mastery_Thin_Vessels] Ep 4400 | AvgRew: 954.88 (PrevStage)
[Stage4_VESCL_Mastery_Thin_Vessels] Ep 4500 | AvgRew: 976.65 
[Stage4_VESCL_Mastery_Thin_Vessels] Ep 4600 | AvgRew: 896.48 
[Stage4_VESCL_Mastery_Thin_Vessels] Ep 4700 | AvgRew: 983.90 
[Stage4_VESCL_Mastery_Thin_Vessels] Ep 4800 | AvgRew: 914.53 
[Stage4_VESCL_Mastery_Thin_Vessels] Ep 4900 | AvgRew: 974.50 
[Stage4_VESCL_Mastery_Thin_Vessels] Ep 5000 | AvgRew: 934.18 
[Stage4_VESCL_Mastery_Thin_Vessels] Ep 5100 | AvgRew: 1008.67 (PrevStage)
[Stage4_VESCL_Mastery_Thin_Vessels] Ep 5200 | AvgRew: 926.53 
[Stage4_VESCL_Mastery_Thin_Vessels] Ep 5300 | AvgRew: 953.44 
[Stage4_VESCL_Mastery_Thin_Vessels] Ep 5400 | AvgRew: 941.24 
[Stage4_VESCL_Mastery_Thin_Vessels] Ep 5500 | AvgRew: 982.06 
[Stage4_VESCL_Mastery_Thin_Vessels] Ep 5600 | AvgRew: 956.06 
[Stage4_VESCL_Mastery_Thin_Vessels] Ep 5700 | AvgRew: 946.17 
[Stage4_VESCL_Mastery_Thin_Vessels] Ep 5800 | AvgRew: 941.38 
[Stage4_VESCL_Mastery_Thin_Vessels] Ep 5900 | AvgRew: 965.11 
[Stage4_VESCL_Mastery_Thin_Vessels] Ep 6000 | AvgRew: 969.68 
[Stage4_VESCL_Mastery_Thin_Vessels] Ep 6100 | AvgRew: 994.29 (PrevStage)
[Stage4_VESCL_Mastery_Thin_Vessels] Ep 6200 | AvgRew: 947.79 
[Stage4_VESCL_Mastery_Thin_Vessels] Ep 6300 | AvgRew: 916.10 
[Stage4_VESCL_Mastery_Thin_Vessels] Ep 6400 | AvgRew: 954.63 (PrevStage)
[Stage4_VESCL_Mastery_Thin_Vessels] Ep 6500 | AvgRew: 964.69 
[Stage4_VESCL_Mastery_Thin_Vessels] Ep 6600 | AvgRew: 966.30 
[Stage4_VESCL_Mastery_Thin_Vessels] Ep 6700 | AvgRew: 921.48 
[Stage4_VESCL_Mastery_Thin_Vessels] Ep 6800 | AvgRew: 914.99 
[Stage4_VESCL_Mastery_Thin_Vessels] Ep 6900 | AvgRew: 946.47 
[Stage4_VESCL_Mastery_Thin_Vessels] Ep 7000 | AvgRew: 970.74 
[Stage4_VESCL_Mastery_Thin_Vessels] Ep 7100 | AvgRew: 905.39 
[Stage4_VESCL_Mastery_Thin_Vessels] Ep 7200 | AvgRew: 938.85 
[Stage4_VESCL_Mastery_Thin_Vessels] Ep 7300 | AvgRew: 985.43 
[Stage4_VESCL_Mastery_Thin_Vessels] Ep 7400 | AvgRew: 955.08 
[Stage4_VESCL_Mastery_Thin_Vessels] Ep 7500 | AvgRew: 954.21 (PrevStage)
[Stage4_VESCL_Mastery_Thin_Vessels] Ep 7600 | AvgRew: 977.62 
[Stage4_VESCL_Mastery_Thin_Vessels] Ep 7700 | AvgRew: 933.48 (PrevStage)
[Stage4_VESCL_Mastery_Thin_Vessels] Ep 7800 | AvgRew: 965.69 
[Stage4_VESCL_Mastery_Thin_Vessels] Ep 7900 | AvgRew: 964.04 
[Stage4_VESCL_Mastery_Thin_Vessels] Ep 8000 | AvgRew: 959.41 
[Stage4_VESCL_Mastery_Thin_Vessels] Ep 8100 | AvgRew: 979.90 (PrevStage)
[Stage4_VESCL_Mastery_Thin_Vessels] Ep 8200 | AvgRew: 994.06 
[Stage4_VESCL_Mastery_Thin_Vessels] Ep 8300 | AvgRew: 997.36 
[Stage4_VESCL_Mastery_Thin_Vessels] Ep 8400 | AvgRew: 982.81 
[Stage4_VESCL_Mastery_Thin_Vessels] Ep 8500 | AvgRew: 1020.00 
[Stage4_VESCL_Mastery_Thin_Vessels] Ep 8600 | AvgRew: 945.26 
[Stage4_VESCL_Mastery_Thin_Vessels] Ep 8700 | AvgRew: 924.69 
[Stage4_VESCL_Mastery_Thin_Vessels] Ep 8800 | AvgRew: 946.18 
[Stage4_VESCL_Mastery_Thin_Vessels] Ep 8900 | AvgRew: 964.31 (PrevStage)
[Stage4_VESCL_Mastery_Thin_Vessels] Ep 9000 | AvgRew: 994.12 
[Stage4_VESCL_Mastery_Thin_Vessels] Ep 9100 | AvgRew: 877.86 
[Stage4_VESCL_Mastery_Thin_Vessels] Ep 9200 | AvgRew: 968.87 
[Stage4_VESCL_Mastery_Thin_Vessels] Ep 9300 | AvgRew: 892.79 
[Stage4_VESCL_Mastery_Thin_Vessels] Ep 9400 | AvgRew: 883.65 
[Stage4_VESCL_Mastery_Thin_Vessels] Ep 9500 | AvgRew: 885.66 
[Stage4_VESCL_Mastery_Thin_Vessels] Ep 9600 | AvgRew: 976.41 
[Stage4_VESCL_Mastery_Thin_Vessels] Ep 9700 | AvgRew: 950.79 
[Stage4_VESCL_Mastery_Thin_Vessels] Ep 9800 | AvgRew: 878.57 
[Stage4_VESCL_Mastery_Thin_Vessels] Ep 9900 | AvgRew: 1008.13 
[Stage4_VESCL_Mastery_Thin_Vessels] Ep 10000 | AvgRew: 912.11 
[Stage4_VESCL_Mastery_Thin_Vessels] Ep 10100 | AvgRew: 888.43 
[Stage4_VESCL_Mastery_Thin_Vessels] Ep 10200 | AvgRew: 937.65 
[Stage4_VESCL_Mastery_Thin_Vessels] Ep 10300 | AvgRew: 1008.62 
[Stage4_VESCL_Mastery_Thin_Vessels] Ep 10400 | AvgRew: 939.78 
[Stage4_VESCL_Mastery_Thin_Vessels] Ep 10500 | AvgRew: 885.84 
[Stage4_VESCL_Mastery_Thin_Vessels] Ep 10600 | AvgRew: 986.62 
[Stage4_VESCL_Mastery_Thin_Vessels] Ep 10700 | AvgRew: 942.73 
[Stage4_VESCL_Mastery_Thin_Vessels] Ep 10800 | AvgRew: 918.54 
[Stage4_VESCL_Mastery_Thin_Vessels] Ep 10900 | AvgRew: 905.04 
[Stage4_VESCL_Mastery_Thin_Vessels] Ep 11000 | AvgRew: 962.18 
[Stage4_VESCL_Mastery_Thin_Vessels] Ep 11100 | AvgRew: 908.30 
[Stage4_VESCL_Mastery_Thin_Vessels] Ep 11200 | AvgRew: 971.20 
[Stage4_VESCL_Mastery_Thin_Vessels] Ep 11300 | AvgRew: 1008.36 (PrevStage)
[Stage4_VESCL_Mastery_Thin_Vessels] Ep 11400 | AvgRew: 959.24 
[Stage4_VESCL_Mastery_Thin_Vessels] Ep 11500 | AvgRew: 974.03 
[Stage4_VESCL_Mastery_Thin_Vessels] Ep 11600 | AvgRew: 999.73 
[Stage4_VESCL_Mastery_Thin_Vessels] Ep 11700 | AvgRew: 955.12 
[Stage4_VESCL_Mastery_Thin_Vessels] Ep 11800 | AvgRew: 988.50 
[Stage4_VESCL_Mastery_Thin_Vessels] Ep 11900 | AvgRew: 974.84 
[Stage4_VESCL_Mastery_Thin_Vessels] Ep 12000 | AvgRew: 957.35 
[Stage4_VESCL_Mastery_Thin_Vessels] Ep 12100 | AvgRew: 958.93 
[Stage4_VESCL_Mastery_Thin_Vessels] Ep 12200 | AvgRew: 886.19 (PrevStage)
[Stage4_VESCL_Mastery_Thin_Vessels] Ep 12300 | AvgRew: 942.42 
[Stage4_VESCL_Mastery_Thin_Vessels] Ep 12400 | AvgRew: 901.95 (PrevStage)
[Stage4_VESCL_Mastery_Thin_Vessels] Ep 12500 | AvgRew: 994.05 
[Stage4_VESCL_Mastery_Thin_Vessels] Ep 12600 | AvgRew: 975.80 
[Stage4_VESCL_Mastery_Thin_Vessels] Ep 12700 | AvgRew: 983.70 
[Stage4_VESCL_Mastery_Thin_Vessels] Ep 12800 | AvgRew: 953.77 (PrevStage)
[Stage4_VESCL_Mastery_Thin_Vessels] Ep 12900 | AvgRew: 967.71 
[Stage4_VESCL_Mastery_Thin_Vessels] Ep 13000 | AvgRew: 941.19 
[Stage4_VESCL_Mastery_Thin_Vessels] Ep 13100 | AvgRew: 949.72 
[Stage4_VESCL_Mastery_Thin_Vessels] Ep 13200 | AvgRew: 960.48 (PrevStage)
[Stage4_VESCL_Mastery_Thin_Vessels] Ep 13300 | AvgRew: 933.07 (PrevStage)
[Stage4_VESCL_Mastery_Thin_Vessels] Ep 13400 | AvgRew: 923.60 
[Stage4_VESCL_Mastery_Thin_Vessels] Ep 13500 | AvgRew: 959.51 (PrevStage)
[Stage4_VESCL_Mastery_Thin_Vessels] Ep 13600 | AvgRew: 989.24 
[Stage4_VESCL_Mastery_Thin_Vessels] Ep 13700 | AvgRew: 1008.17 
[Stage4_VESCL_Mastery_Thin_Vessels] Ep 13800 | AvgRew: 916.79 
[Stage4_VESCL_Mastery_Thin_Vessels] Ep 13900 | AvgRew: 928.58 
[Stage4_VESCL_Mastery_Thin_Vessels] Ep 14000 | AvgRew: 927.69 (PrevStage)
[Stage4_VESCL_Mastery_Thin_Vessels] Ep 14100 | AvgRew: 883.94 (PrevStage)
[Stage4_VESCL_Mastery_Thin_Vessels] Ep 14200 | AvgRew: 971.55 
[Stage4_VESCL_Mastery_Thin_Vessels] Ep 14300 | AvgRew: 952.97 
[Stage4_VESCL_Mastery_Thin_Vessels] Ep 14400 | AvgRew: 945.13 
[Stage4_VESCL_Mastery_Thin_Vessels] Ep 14500 | AvgRew: 970.39 
[Stage4_VESCL_Mastery_Thin_Vessels] Ep 14600 | AvgRew: 1004.67 
[Stage4_VESCL_Mastery_Thin_Vessels] Ep 14700 | AvgRew: 985.54 
[Stage4_VESCL_Mastery_Thin_Vessels] Ep 14800 | AvgRew: 973.74 
[Stage4_VESCL_Mastery_Thin_Vessels] Ep 14900 | AvgRew: 954.87 
[Stage4_VESCL_Mastery_Thin_Vessels] Ep 15000 | AvgRew: 989.96 
[Stage4_VESCL_Mastery_Thin_Vessels] Ep 15100 | AvgRew: 1006.48 
[Stage4_VESCL_Mastery_Thin_Vessels] Ep 15200 | AvgRew: 983.77 
[Stage4_VESCL_Mastery_Thin_Vessels] Ep 15300 | AvgRew: 979.25 
[Stage4_VESCL_Mastery_Thin_Vessels] Ep 15400 | AvgRew: 977.70 
[Stage4_VESCL_Mastery_Thin_Vessels] Ep 15500 | AvgRew: 964.63 
[Stage4_VESCL_Mastery_Thin_Vessels] Ep 15600 | AvgRew: 1005.03 
[Stage4_VESCL_Mastery_Thin_Vessels] Ep 15700 | AvgRew: 950.57 
[Stage4_VESCL_Mastery_Thin_Vessels] Ep 15800 | AvgRew: 924.79 (PrevStage)
[Stage4_VESCL_Mastery_Thin_Vessels] Ep 15900 | AvgRew: 969.30 
[Stage4_VESCL_Mastery_Thin_Vessels] Ep 16000 | AvgRew: 995.49 (PrevStage)
[Stage4_VESCL_Mastery_Thin_Vessels] Ep 16100 | AvgRew: 945.82 
[Stage4_VESCL_Mastery_Thin_Vessels] Ep 16200 | AvgRew: 966.22 
[Stage4_VESCL_Mastery_Thin_Vessels] Ep 16300 | AvgRew: 931.59 
[Stage4_VESCL_Mastery_Thin_Vessels] Ep 16400 | AvgRew: 936.20 
[Stage4_VESCL_Mastery_Thin_Vessels] Ep 16500 | AvgRew: 977.07 
[Stage4_VESCL_Mastery_Thin_Vessels] Ep 16600 | AvgRew: 938.01 
[Stage4_VESCL_Mastery_Thin_Vessels] Ep 16700 | AvgRew: 926.22 
[Stage4_VESCL_Mastery_Thin_Vessels] Ep 16800 | AvgRew: 958.75 (PrevStage)
[Stage4_VESCL_Mastery_Thin_Vessels] Ep 16900 | AvgRew: 928.16 
[Stage4_VESCL_Mastery_Thin_Vessels] Ep 17000 | AvgRew: 932.22 
[Stage4_VESCL_Mastery_Thin_Vessels] Ep 17100 | AvgRew: 948.37 
[Stage4_VESCL_Mastery_Thin_Vessels] Ep 17200 | AvgRew: 967.67 (PrevStage)
[Stage4_VESCL_Mastery_Thin_Vessels] Ep 17300 | AvgRew: 970.11 
[Stage4_VESCL_Mastery_Thin_Vessels] Ep 17400 | AvgRew: 944.59 
[Stage4_VESCL_Mastery_Thin_Vessels] Ep 17500 | AvgRew: 932.63 
[Stage4_VESCL_Mastery_Thin_Vessels] Ep 17600 | AvgRew: 941.97 
[Stage4_VESCL_Mastery_Thin_Vessels] Ep 17700 | AvgRew: 933.13 
[Stage4_VESCL_Mastery_Thin_Vessels] Ep 17800 | AvgRew: 969.77 
[Stage4_VESCL_Mastery_Thin_Vessels] Ep 17900 | AvgRew: 929.67 (PrevStage)
[Stage4_VESCL_Mastery_Thin_Vessels] Ep 18000 | AvgRew: 929.64 
[Stage4_VESCL_Mastery_Thin_Vessels] Ep 18100 | AvgRew: 926.59 
[Stage4_VESCL_Mastery_Thin_Vessels] Ep 18200 | AvgRew: 978.56 
[Stage4_VESCL_Mastery_Thin_Vessels] Ep 18300 | AvgRew: 995.65 
[Stage4_VESCL_Mastery_Thin_Vessels] Ep 18400 | AvgRew: 963.18 
[Stage4_VESCL_Mastery_Thin_Vessels] Ep 18500 | AvgRew: 966.84 
[Stage4_VESCL_Mastery_Thin_Vessels] Ep 18600 | AvgRew: 967.97 
[Stage4_VESCL_Mastery_Thin_Vessels] Ep 18700 | AvgRew: 941.92 
[Stage4_VESCL_Mastery_Thin_Vessels] Ep 18800 | AvgRew: 1017.00 
[Stage4_VESCL_Mastery_Thin_Vessels] Ep 18900 | AvgRew: 978.49 (PrevStage)
[Stage4_VESCL_Mastery_Thin_Vessels] Ep 19000 | AvgRew: 1027.09 
[Stage4_VESCL_Mastery_Thin_Vessels] Ep 19100 | AvgRew: 984.82 (PrevStage)
[Stage4_VESCL_Mastery_Thin_Vessels] Ep 19200 | AvgRew: 943.01 
[Stage4_VESCL_Mastery_Thin_Vessels] Ep 19300 | AvgRew: 974.64 
[Stage4_VESCL_Mastery_Thin_Vessels] Ep 19400 | AvgRew: 956.14 
[Stage4_VESCL_Mastery_Thin_Vessels] Ep 19500 | AvgRew: 977.12 
[Stage4_VESCL_Mastery_Thin_Vessels] Ep 19600 | AvgRew: 980.98 
[Stage4_VESCL_Mastery_Thin_Vessels] Ep 19700 | AvgRew: 949.90 
[Stage4_VESCL_Mastery_Thin_Vessels] Ep 19800 | AvgRew: 939.74 
[Stage4_VESCL_Mastery_Thin_Vessels] Ep 19900 | AvgRew: 950.48 
[Stage4_VESCL_Mastery_Thin_Vessels] Ep 20000 | AvgRew: 948.15 
[Stage4_VESCL_Mastery_Thin_Vessels] Ep 20100 | AvgRew: 970.35 
[Stage4_VESCL_Mastery_Thin_Vessels] Ep 20200 | AvgRew: 928.42 
[Stage4_VESCL_Mastery_Thin_Vessels] Ep 20300 | AvgRew: 961.30 
[Stage4_VESCL_Mastery_Thin_Vessels] Ep 20400 | AvgRew: 967.62 
[Stage4_VESCL_Mastery_Thin_Vessels] Ep 20500 | AvgRew: 967.23 
[Stage4_VESCL_Mastery_Thin_Vessels] Ep 20600 | AvgRew: 968.61 (PrevStage)
[Stage4_VESCL_Mastery_Thin_Vessels] Ep 20700 | AvgRew: 979.20 (PrevStage)
[Stage4_VESCL_Mastery_Thin_Vessels] Ep 20800 | AvgRew: 977.14 
[Stage4_VESCL_Mastery_Thin_Vessels] Ep 20900 | AvgRew: 993.29 
[Stage4_VESCL_Mastery_Thin_Vessels] Ep 21000 | AvgRew: 964.99 
[Stage4_VESCL_Mastery_Thin_Vessels] Ep 21100 | AvgRew: 986.08 
[Stage4_VESCL_Mastery_Thin_Vessels] Ep 21200 | AvgRew: 939.56 (PrevStage)
[Stage4_VESCL_Mastery_Thin_Vessels] Ep 21300 | AvgRew: 939.72 
[Stage4_VESCL_Mastery_Thin_Vessels] Ep 21400 | AvgRew: 984.04 (PrevStage)
[Stage4_VESCL_Mastery_Thin_Vessels] Ep 21500 | AvgRew: 982.58 
[Stage4_VESCL_Mastery_Thin_Vessels] Ep 21600 | AvgRew: 967.49 
[Stage4_VESCL_Mastery_Thin_Vessels] Ep 21700 | AvgRew: 1008.28 
[Stage4_VESCL_Mastery_Thin_Vessels] Ep 21800 | AvgRew: 943.29 
[Stage4_VESCL_Mastery_Thin_Vessels] Ep 21900 | AvgRew: 939.57 
[Stage4_VESCL_Mastery_Thin_Vessels] Ep 22000 | AvgRew: 943.12 
[Stage4_VESCL_Mastery_Thin_Vessels] Ep 22100 | AvgRew: 978.96 
[Stage4_VESCL_Mastery_Thin_Vessels] Ep 22200 | AvgRew: 962.36 
[Stage4_VESCL_Mastery_Thin_Vessels] Ep 22300 | AvgRew: 872.18 (PrevStage)
[Stage4_VESCL_Mastery_Thin_Vessels] Ep 22400 | AvgRew: 960.13 
[Stage4_VESCL_Mastery_Thin_Vessels] Ep 22500 | AvgRew: 978.55 
[Stage4_VESCL_Mastery_Thin_Vessels] Ep 22600 | AvgRew: 954.93 
[Stage4_VESCL_Mastery_Thin_Vessels] Ep 22700 | AvgRew: 941.85 
[Stage4_VESCL_Mastery_Thin_Vessels] Ep 22800 | AvgRew: 956.85 
[Stage4_VESCL_Mastery_Thin_Vessels] Ep 22900 | AvgRew: 948.17 
[Stage4_VESCL_Mastery_Thin_Vessels] Ep 23000 | AvgRew: 950.07 
[Stage4_VESCL_Mastery_Thin_Vessels] Ep 23100 | AvgRew: 938.58 
[Stage4_VESCL_Mastery_Thin_Vessels] Ep 23200 | AvgRew: 936.69 
[Stage4_VESCL_Mastery_Thin_Vessels] Ep 23300 | AvgRew: 900.20 (PrevStage)
[Stage4_VESCL_Mastery_Thin_Vessels] Ep 23400 | AvgRew: 965.25 
[Stage4_VESCL_Mastery_Thin_Vessels] Ep 23500 | AvgRew: 960.17 
[Stage4_VESCL_Mastery_Thin_Vessels] Ep 23600 | AvgRew: 943.21 
[Stage4_VESCL_Mastery_Thin_Vessels] Ep 23700 | AvgRew: 919.93 
[Stage4_VESCL_Mastery_Thin_Vessels] Ep 23800 | AvgRew: 973.59 
[Stage4_VESCL_Mastery_Thin_Vessels] Ep 23900 | AvgRew: 966.30 
[Stage4_VESCL_Mastery_Thin_Vessels] Ep 24000 | AvgRew: 965.66 
[Stage4_VESCL_Mastery_Thin_Vessels] Ep 24100 | AvgRew: 949.18 
[Stage4_VESCL_Mastery_Thin_Vessels] Ep 24200 | AvgRew: 954.43 
[Stage4_VESCL_Mastery_Thin_Vessels] Ep 24300 | AvgRew: 995.86 (PrevStage)
[Stage4_VESCL_Mastery_Thin_Vessels] Ep 24400 | AvgRew: 959.08 
[Stage4_VESCL_Mastery_Thin_Vessels] Ep 24500 | AvgRew: 960.41 
[Stage4_VESCL_Mastery_Thin_Vessels] Ep 24600 | AvgRew: 912.21 (PrevStage)
[Stage4_VESCL_Mastery_Thin_Vessels] Ep 24700 | AvgRew: 993.62 
[Stage4_VESCL_Mastery_Thin_Vessels] Ep 24800 | AvgRew: 961.22 
[Stage4_VESCL_Mastery_Thin_Vessels] Ep 24900 | AvgRew: 926.55 
[Stage4_VESCL_Mastery_Thin_Vessels] Ep 25000 | AvgRew: 943.09 
[Stage4_VESCL_Mastery_Thin_Vessels] Ep 25100 | AvgRew: 885.01 
[Stage4_VESCL_Mastery_Thin_Vessels] Ep 25200 | AvgRew: 961.33 
[Stage4_VESCL_Mastery_Thin_Vessels] Ep 25300 | AvgRew: 943.61 
[Stage4_VESCL_Mastery_Thin_Vessels] Ep 25400 | AvgRew: 966.24 
[Stage4_VESCL_Mastery_Thin_Vessels] Ep 25500 | AvgRew: 960.58 (PrevStage)
[Stage4_VESCL_Mastery_Thin_Vessels] Ep 25600 | AvgRew: 958.90 
[Stage4_VESCL_Mastery_Thin_Vessels] Ep 25700 | AvgRew: 922.64 
[Stage4_VESCL_Mastery_Thin_Vessels] Ep 25800 | AvgRew: 927.65 
[Stage4_VESCL_Mastery_Thin_Vessels] Ep 25900 | AvgRew: 934.85 
[Stage4_VESCL_Mastery_Thin_Vessels] Ep 26000 | AvgRew: 919.47 
[Stage4_VESCL_Mastery_Thin_Vessels] Ep 26100 | AvgRew: 928.14 
[Stage4_VESCL_Mastery_Thin_Vessels] Ep 26200 | AvgRew: 950.64 
[Stage4_VESCL_Mastery_Thin_Vessels] Ep 26300 | AvgRew: 958.34 
[Stage4_VESCL_Mastery_Thin_Vessels] Ep 26400 | AvgRew: 981.16 
[Stage4_VESCL_Mastery_Thin_Vessels] Ep 26500 | AvgRew: 981.98 
[Stage4_VESCL_Mastery_Thin_Vessels] Ep 26600 | AvgRew: 925.77 
[Stage4_VESCL_Mastery_Thin_Vessels] Ep 26700 | AvgRew: 932.90 
[Stage4_VESCL_Mastery_Thin_Vessels] Ep 26800 | AvgRew: 954.84 
[Stage4_VESCL_Mastery_Thin_Vessels] Ep 26900 | AvgRew: 955.68 
[Stage4_VESCL_Mastery_Thin_Vessels] Ep 27000 | AvgRew: 905.80 
[Stage4_VESCL_Mastery_Thin_Vessels] Ep 27100 | AvgRew: 949.50 
[Stage4_VESCL_Mastery_Thin_Vessels] Ep 27200 | AvgRew: 974.92 (PrevStage)
[Stage4_VESCL_Mastery_Thin_Vessels] Ep 27300 | AvgRew: 995.44 (PrevStage)
[Stage4_VESCL_Mastery_Thin_Vessels] Ep 27400 | AvgRew: 947.15 
[Stage4_VESCL_Mastery_Thin_Vessels] Ep 27500 | AvgRew: 980.52 
[Stage4_VESCL_Mastery_Thin_Vessels] Ep 27600 | AvgRew: 977.87 
[Stage4_VESCL_Mastery_Thin_Vessels] Ep 27700 | AvgRew: 942.04 
[Stage4_VESCL_Mastery_Thin_Vessels] Ep 27800 | AvgRew: 944.68 
[Stage4_VESCL_Mastery_Thin_Vessels] Ep 27900 | AvgRew: 971.45 
[Stage4_VESCL_Mastery_Thin_Vessels] Ep 28000 | AvgRew: 911.28 
[Stage4_VESCL_Mastery_Thin_Vessels] Ep 28100 | AvgRew: 981.85 
[Stage4_VESCL_Mastery_Thin_Vessels] Ep 28200 | AvgRew: 909.53 
[Stage4_VESCL_Mastery_Thin_Vessels] Ep 28300 | AvgRew: 971.50 
[Stage4_VESCL_Mastery_Thin_Vessels] Ep 28400 | AvgRew: 1000.37 
[Stage4_VESCL_Mastery_Thin_Vessels] Ep 28500 | AvgRew: 962.44 (PrevStage)
[Stage4_VESCL_Mastery_Thin_Vessels] Ep 28600 | AvgRew: 960.85 (PrevStage)
[Stage4_VESCL_Mastery_Thin_Vessels] Ep 28700 | AvgRew: 944.13 (PrevStage)
[Stage4_VESCL_Mastery_Thin_Vessels] Ep 28800 | AvgRew: 938.32 (PrevStage)
[Stage4_VESCL_Mastery_Thin_Vessels] Ep 28900 | AvgRew: 976.25 
[Stage4_VESCL_Mastery_Thin_Vessels] Ep 29000 | AvgRew: 946.79 
[Stage4_VESCL_Mastery_Thin_Vessels] Ep 29100 | AvgRew: 991.37 
[Stage4_VESCL_Mastery_Thin_Vessels] Ep 29200 | AvgRew: 901.95 
[Stage4_VESCL_Mastery_Thin_Vessels] Ep 29300 | AvgRew: 991.37 
[Stage4_VESCL_Mastery_Thin_Vessels] Ep 29400 | AvgRew: 971.70 
[Stage4_VESCL_Mastery_Thin_Vessels] Ep 29500 | AvgRew: 993.63 
[Stage4_VESCL_Mastery_Thin_Vessels] Ep 29600 | AvgRew: 952.20 (PrevStage)
[Stage4_VESCL_Mastery_Thin_Vessels] Ep 29700 | AvgRew: 961.73 (PrevStage)
[Stage4_VESCL_Mastery_Thin_Vessels] Ep 29800 | AvgRew: 979.26 
[Stage4_VESCL_Mastery_Thin_Vessels] Ep 29900 | AvgRew: 968.96 
[Stage4_VESCL_Mastery_Thin_Vessels] Ep 30000 | AvgRew: 936.06 
